[600] 03 May 21:14:32 # Warning: no config file specified, using the default config. In order to specify a config file use 'redis-server /path/to/redis.conf'
[600] 03 May 21:14:32 * Server started, Redis version 2.0.4
[600] 03 May 21:14:32 * The server is now ready to accept connections on port 6379
[600] 03 May 21:14:32 - 0 clients connected (0 slaves), 416544 bytes in use
[600] 03 May 21:14:37 - 0 clients connected (0 slaves), 416544 bytes in use
[600] 03 May 21:14:42 - 0 clients connected (0 slaves), 416544 bytes in use
[600] 03 May 21:14:47 - 0 clients connected (0 slaves), 416544 bytes in use
[600] 03 May 21:14:52 - 0 clients connected (0 slaves), 416544 bytes in use
[600] 03 May 21:14:57 - 0 clients connected (0 slaves), 416544 bytes in use
[600] 03 May 21:15:02 - 0 clients connected (0 slaves), 416544 bytes in use
[600] 03 May 21:15:07 - 0 clients connected (0 slaves), 416544 bytes in use
[600] 03 May 21:15:12 - 0 clients connected (0 slaves), 416544 bytes in use
[600] 03 May 21:15:17 - 0 clients connected (0 slaves), 416544 bytes in use
[600] 03 May 21:15:18 - Accepted 127.0.0.1:49332
[600] 03 May 21:15:22 - 1 clients connected (0 slaves), 417008 bytes in use
[600] 03 May 21:15:27 - 1 clients connected (0 slaves), 417008 bytes in use
[600] 03 May 21:15:32 - 1 clients connected (0 slaves), 417008 bytes in use
[600] 03 May 21:15:37 - 1 clients connected (0 slaves), 417008 bytes in use
[600] 03 May 21:15:42 - 1 clients connected (0 slaves), 417008 bytes in use
[600] 03 May 21:15:47 - 1 clients connected (0 slaves), 417008 bytes in use
[600] 03 May 21:15:52 - 1 clients connected (0 slaves), 417008 bytes in use
[600] 03 May 21:15:57 - 1 clients connected (0 slaves), 417008 bytes in use
[600] 03 May 21:15:59 - Client closed connection
[600] 03 May 21:16:02 - 0 clients connected (0 slaves), 416640 bytes in use
[600] 03 May 21:16:03 - Accepted 127.0.0.1:49341
[600] 03 May 21:16:07 - 1 clients connected (0 slaves), 417008 bytes in use
[600] 03 May 21:16:12 - 1 clients connected (0 slaves), 417040 bytes in use
[600] 03 May 21:16:17 - 1 clients connected (0 slaves), 417040 bytes in use
[600] 03 May 21:16:22 - 1 clients connected (0 slaves), 417040 bytes in use
[600] 03 May 21:16:27 - 1 clients connected (0 slaves), 417040 bytes in use
[600] 03 May 21:16:32 - 1 clients connected (0 slaves), 417040 bytes in use
[600] 03 May 21:16:37 - 1 clients connected (0 slaves), 417040 bytes in use
[600] 03 May 21:16:42 - 1 clients connected (0 slaves), 417040 bytes in use
[600] 03 May 21:16:47 - 1 clients connected (0 slaves), 417040 bytes in use
[600] 03 May 21:16:52 - 1 clients connected (0 slaves), 417040 bytes in use
[600] 03 May 21:16:57 - 1 clients connected (0 slaves), 417040 bytes in use
[600] 03 May 21:17:02 - 1 clients connected (0 slaves), 417040 bytes in use
[600] 03 May 21:17:07 - 1 clients connected (0 slaves), 417040 bytes in use
[600] 03 May 21:17:12 - 1 clients connected (0 slaves), 417040 bytes in use
[600] 03 May 21:17:17 - 1 clients connected (0 slaves), 417040 bytes in use
[600] 03 May 21:17:23 - 1 clients connected (0 slaves), 417040 bytes in use
[600] 03 May 21:17:28 - 1 clients connected (0 slaves), 417040 bytes in use
[600] 03 May 21:17:33 - 1 clients connected (0 slaves), 417040 bytes in use
[600] 03 May 21:17:38 - 1 clients connected (0 slaves), 417040 bytes in use
[600] 03 May 21:17:43 - 1 clients connected (0 slaves), 417040 bytes in use
[600] 03 May 21:17:48 - 1 clients connected (0 slaves), 417040 bytes in use
[600] 03 May 21:17:53 - 1 clients connected (0 slaves), 417040 bytes in use
[600] 03 May 21:17:58 - 1 clients connected (0 slaves), 417040 bytes in use
[600] 03 May 21:18:03 - 1 clients connected (0 slaves), 417040 bytes in use
[600] 03 May 21:18:08 - 1 clients connected (0 slaves), 417040 bytes in use
[600] 03 May 21:18:13 - 1 clients connected (0 slaves), 417040 bytes in use
[600] 03 May 21:18:18 - 1 clients connected (0 slaves), 417040 bytes in use
[600] 03 May 21:18:23 - 1 clients connected (0 slaves), 417040 bytes in use
[600] 03 May 21:18:28 - 1 clients connected (0 slaves), 417040 bytes in use
[600] 03 May 21:18:33 - 1 clients connected (0 slaves), 417040 bytes in use
[600] 03 May 21:18:38 - 1 clients connected (0 slaves), 417040 bytes in use
[600] 03 May 21:18:43 - 1 clients connected (0 slaves), 417040 bytes in use
[600] 03 May 21:18:48 - 1 clients connected (0 slaves), 417040 bytes in use
[600] 03 May 21:18:53 - 1 clients connected (0 slaves), 417040 bytes in use
[600] 03 May 21:18:58 - 1 clients connected (0 slaves), 417040 bytes in use
[600] 03 May 21:19:03 - 1 clients connected (0 slaves), 417040 bytes in use
[600] 03 May 21:19:08 - 1 clients connected (0 slaves), 417040 bytes in use
[600] 03 May 21:19:13 - 1 clients connected (0 slaves), 417040 bytes in use
[600] 03 May 21:19:18 - 1 clients connected (0 slaves), 417040 bytes in use
[600] 03 May 21:19:23 - 1 clients connected (0 slaves), 417040 bytes in use
[600] 03 May 21:19:28 - 1 clients connected (0 slaves), 417040 bytes in use
[600] 03 May 21:19:33 - 1 clients connected (0 slaves), 417040 bytes in use
[600] 03 May 21:19:38 - 1 clients connected (0 slaves), 417040 bytes in use
[600] 03 May 21:19:43 - 1 clients connected (0 slaves), 417040 bytes in use
[600] 03 May 21:19:48 - 1 clients connected (0 slaves), 417040 bytes in use
[600] 03 May 21:19:53 - 1 clients connected (0 slaves), 417040 bytes in use
[600] 03 May 21:19:58 - 1 clients connected (0 slaves), 417040 bytes in use
[600] 03 May 21:20:03 - 1 clients connected (0 slaves), 417040 bytes in use
[600] 03 May 21:20:08 - 1 clients connected (0 slaves), 417040 bytes in use
[600] 03 May 21:20:13 - 1 clients connected (0 slaves), 417040 bytes in use
[600] 03 May 21:20:18 - 1 clients connected (0 slaves), 417040 bytes in use
[600] 03 May 21:20:23 - 1 clients connected (0 slaves), 417040 bytes in use
[600] 03 May 21:20:28 - 1 clients connected (0 slaves), 417040 bytes in use
[600] 03 May 21:20:33 - 1 clients connected (0 slaves), 417040 bytes in use
[600] 03 May 21:20:39 - 1 clients connected (0 slaves), 417040 bytes in use
[600] 03 May 21:20:44 - 1 clients connected (0 slaves), 417040 bytes in use
[600] 03 May 21:20:49 - 1 clients connected (0 slaves), 417040 bytes in use
[600] 03 May 21:20:54 - 1 clients connected (0 slaves), 417040 bytes in use
[600] 03 May 21:20:59 - 1 clients connected (0 slaves), 417040 bytes in use
[600] 03 May 21:21:04 - 1 clients connected (0 slaves), 417040 bytes in use
[600] 03 May 21:21:09 - 1 clients connected (0 slaves), 417040 bytes in use
[600] 03 May 21:21:14 - 1 clients connected (0 slaves), 417040 bytes in use
[600] 03 May 21:21:14 - Closing idle client
[600] 03 May 21:21:14 - Accepted 127.0.0.1:49352
[600] 03 May 21:21:19 - 1 clients connected (0 slaves), 417040 bytes in use
[600] 03 May 21:21:24 - 1 clients connected (0 slaves), 417040 bytes in use
[600] 03 May 21:21:29 - 1 clients connected (0 slaves), 417040 bytes in use
[600] 03 May 21:21:34 - 1 clients connected (0 slaves), 417040 bytes in use
[600] 03 May 21:21:39 - 1 clients connected (0 slaves), 417040 bytes in use
[600] 03 May 21:21:44 - 1 clients connected (0 slaves), 417040 bytes in use
[600] 03 May 21:21:49 - 1 clients connected (0 slaves), 417040 bytes in use
[600] 03 May 21:21:54 - 1 clients connected (0 slaves), 417040 bytes in use
[600] 03 May 21:21:59 - 1 clients connected (0 slaves), 417040 bytes in use
[600] 03 May 21:22:04 - 1 clients connected (0 slaves), 417040 bytes in use
[600] 03 May 21:22:09 - 1 clients connected (0 slaves), 417040 bytes in use
[600] 03 May 21:22:14 - 1 clients connected (0 slaves), 417040 bytes in use
[600] 03 May 21:22:19 - 1 clients connected (0 slaves), 417040 bytes in use
[600] 03 May 21:22:24 - 1 clients connected (0 slaves), 417040 bytes in use
[600] 03 May 21:22:29 - 1 clients connected (0 slaves), 417040 bytes in use
[600] 03 May 21:22:34 - 1 clients connected (0 slaves), 417040 bytes in use
[600] 03 May 21:22:39 - 1 clients connected (0 slaves), 417040 bytes in use
[600] 03 May 21:22:44 - 1 clients connected (0 slaves), 417040 bytes in use
[600] 03 May 21:22:49 - 1 clients connected (0 slaves), 417040 bytes in use
[600] 03 May 21:22:54 - 1 clients connected (0 slaves), 417040 bytes in use
[600] 03 May 21:22:59 - 1 clients connected (0 slaves), 417040 bytes in use
[600] 03 May 21:23:04 - 1 clients connected (0 slaves), 417040 bytes in use
[600] 03 May 21:23:09 - 1 clients connected (0 slaves), 417040 bytes in use
[600] 03 May 21:23:14 - 1 clients connected (0 slaves), 417040 bytes in use
[600] 03 May 21:23:19 - 1 clients connected (0 slaves), 417040 bytes in use
[600] 03 May 21:23:24 - 1 clients connected (0 slaves), 417040 bytes in use
[600] 03 May 21:23:29 - 1 clients connected (0 slaves), 417040 bytes in use
[600] 03 May 21:23:34 - 1 clients connected (0 slaves), 417040 bytes in use
[600] 03 May 21:23:39 - 1 clients connected (0 slaves), 417040 bytes in use
[600] 03 May 21:23:44 - 1 clients connected (0 slaves), 417040 bytes in use
[600] 03 May 21:23:49 - 1 clients connected (0 slaves), 417040 bytes in use
[600] 03 May 21:23:54 - 1 clients connected (0 slaves), 417040 bytes in use
[600] 03 May 21:24:00 - 1 clients connected (0 slaves), 417040 bytes in use
[600] 03 May 21:24:05 - 1 clients connected (0 slaves), 417040 bytes in use
[600] 03 May 21:24:10 - 1 clients connected (0 slaves), 417040 bytes in use
[600] 03 May 21:24:15 - 1 clients connected (0 slaves), 417040 bytes in use
[600] 03 May 21:24:20 - 1 clients connected (0 slaves), 417040 bytes in use
[600] 03 May 21:24:25 - 1 clients connected (0 slaves), 417040 bytes in use
[600] 03 May 21:24:30 - 1 clients connected (0 slaves), 417040 bytes in use
[600] 03 May 21:24:35 - 1 clients connected (0 slaves), 417040 bytes in use
[600] 03 May 21:24:40 - 1 clients connected (0 slaves), 417040 bytes in use
[600] 03 May 21:24:45 - 1 clients connected (0 slaves), 417040 bytes in use
[600] 03 May 21:24:50 - 1 clients connected (0 slaves), 417040 bytes in use
[600] 03 May 21:24:55 - 1 clients connected (0 slaves), 417040 bytes in use
[600] 03 May 21:25:00 - 1 clients connected (0 slaves), 417040 bytes in use
[600] 03 May 21:25:05 - 1 clients connected (0 slaves), 417040 bytes in use
[600] 03 May 21:25:10 - 1 clients connected (0 slaves), 417040 bytes in use
[600] 03 May 21:25:15 - 1 clients connected (0 slaves), 417040 bytes in use
[600] 03 May 21:25:20 - 1 clients connected (0 slaves), 417040 bytes in use
[600] 03 May 21:25:25 - 1 clients connected (0 slaves), 417040 bytes in use
[600] 03 May 21:25:30 - 1 clients connected (0 slaves), 417040 bytes in use
[600] 03 May 21:25:35 - 1 clients connected (0 slaves), 417040 bytes in use
[600] 03 May 21:25:40 - 1 clients connected (0 slaves), 417040 bytes in use
[600] 03 May 21:25:45 - 1 clients connected (0 slaves), 417040 bytes in use
[600] 03 May 21:25:50 - 1 clients connected (0 slaves), 417040 bytes in use
[600] 03 May 21:25:55 - 1 clients connected (0 slaves), 417040 bytes in use
[600] 03 May 21:26:00 - 1 clients connected (0 slaves), 417040 bytes in use
[600] 03 May 21:26:05 - 1 clients connected (0 slaves), 417040 bytes in use
[600] 03 May 21:26:10 - 1 clients connected (0 slaves), 417040 bytes in use
[600] 03 May 21:26:15 - 1 clients connected (0 slaves), 417040 bytes in use
[600] 03 May 21:26:15 - Closing idle client
[600] 03 May 21:26:15 - Accepted 127.0.0.1:49359
[600] 03 May 21:26:20 - 1 clients connected (0 slaves), 417040 bytes in use
[600] 03 May 21:26:25 - 1 clients connected (0 slaves), 417040 bytes in use
[600] 03 May 21:26:30 - 1 clients connected (0 slaves), 417040 bytes in use
[600] 03 May 21:26:35 - 1 clients connected (0 slaves), 417040 bytes in use
[600] 03 May 21:26:40 - 1 clients connected (0 slaves), 417040 bytes in use
[600] 03 May 21:26:45 - 1 clients connected (0 slaves), 417040 bytes in use
[600] 03 May 21:26:50 - 1 clients connected (0 slaves), 417040 bytes in use
[600] 03 May 21:26:55 - 1 clients connected (0 slaves), 417040 bytes in use
[600] 03 May 21:27:00 - 1 clients connected (0 slaves), 417040 bytes in use
[600] 03 May 21:27:05 - 1 clients connected (0 slaves), 417040 bytes in use
[600] 03 May 21:27:11 - 1 clients connected (0 slaves), 417040 bytes in use
[600] 03 May 21:27:16 - 1 clients connected (0 slaves), 417040 bytes in use
[600] 03 May 21:27:21 - 1 clients connected (0 slaves), 417040 bytes in use
[600] 03 May 21:27:26 - 1 clients connected (0 slaves), 417040 bytes in use
[600] 03 May 21:27:31 - 1 clients connected (0 slaves), 417040 bytes in use
[600] 03 May 21:27:36 - 1 clients connected (0 slaves), 417040 bytes in use
[600] 03 May 21:27:41 - 1 clients connected (0 slaves), 417040 bytes in use
[600] 03 May 21:27:46 - 1 clients connected (0 slaves), 417040 bytes in use
[600] 03 May 21:27:51 - 1 clients connected (0 slaves), 417040 bytes in use
[600] 03 May 21:27:56 - 1 clients connected (0 slaves), 417040 bytes in use
[600] 03 May 21:28:01 - 1 clients connected (0 slaves), 417040 bytes in use
[600] 03 May 21:28:06 - 1 clients connected (0 slaves), 417040 bytes in use
[600] 03 May 21:28:11 - 1 clients connected (0 slaves), 417040 bytes in use
[600] 03 May 21:28:16 - 1 clients connected (0 slaves), 417040 bytes in use
[600] 03 May 21:28:21 - 1 clients connected (0 slaves), 417040 bytes in use
[600] 03 May 21:28:26 - 1 clients connected (0 slaves), 417040 bytes in use
[600] 03 May 21:28:31 - 1 clients connected (0 slaves), 417040 bytes in use
[600] 03 May 21:28:36 - 1 clients connected (0 slaves), 417040 bytes in use
[600] 03 May 21:28:41 - 1 clients connected (0 slaves), 417040 bytes in use
[600] 03 May 21:28:46 - 1 clients connected (0 slaves), 417040 bytes in use
[600] 03 May 21:28:51 - 1 clients connected (0 slaves), 417040 bytes in use
[600] 03 May 21:28:56 - 1 clients connected (0 slaves), 417040 bytes in use
[600] 03 May 21:29:01 - 1 clients connected (0 slaves), 417040 bytes in use
[600] 03 May 21:29:06 - 1 clients connected (0 slaves), 417040 bytes in use
[600] 03 May 21:29:11 - 1 clients connected (0 slaves), 417040 bytes in use
[600] 03 May 21:29:16 - 1 clients connected (0 slaves), 417040 bytes in use
[600] 03 May 21:29:21 - 1 clients connected (0 slaves), 417040 bytes in use
[600] 03 May 21:29:26 - 1 clients connected (0 slaves), 417040 bytes in use
[600] 03 May 21:29:27 - Client closed connection
[600] 03 May 21:29:28 - Accepted 127.0.0.1:49372
[600] 03 May 21:29:31 - 1 clients connected (0 slaves), 417040 bytes in use
[600] 03 May 21:29:36 - 1 clients connected (0 slaves), 417040 bytes in use
[600] 03 May 21:29:41 - 1 clients connected (0 slaves), 417040 bytes in use
[600] 03 May 21:29:46 - 1 clients connected (0 slaves), 417040 bytes in use
[600] 03 May 21:29:51 - 1 clients connected (0 slaves), 417040 bytes in use
[600] 03 May 21:29:56 - 1 clients connected (0 slaves), 417040 bytes in use
[600] 03 May 21:30:01 - 1 clients connected (0 slaves), 417040 bytes in use
[600] 03 May 21:30:06 - 1 clients connected (0 slaves), 417040 bytes in use
[600] 03 May 21:30:11 - 1 clients connected (0 slaves), 417040 bytes in use
[600] 03 May 21:30:16 - 1 clients connected (0 slaves), 417040 bytes in use
[600] 03 May 21:30:22 - 1 clients connected (0 slaves), 417040 bytes in use
[600] 03 May 21:30:27 - 1 clients connected (0 slaves), 417040 bytes in use
[600] 03 May 21:30:32 - 1 clients connected (0 slaves), 417040 bytes in use
[600] 03 May 21:30:37 - 1 clients connected (0 slaves), 417040 bytes in use
[600] 03 May 21:30:42 - 1 clients connected (0 slaves), 417040 bytes in use
[600] 03 May 21:30:47 - 1 clients connected (0 slaves), 417040 bytes in use
[600] 03 May 21:30:52 - 1 clients connected (0 slaves), 417040 bytes in use
[600] 03 May 21:30:57 - 1 clients connected (0 slaves), 417040 bytes in use
[600] 03 May 21:31:02 - 1 clients connected (0 slaves), 417040 bytes in use
[600] 03 May 21:31:07 - 1 clients connected (0 slaves), 417040 bytes in use
[600] 03 May 21:31:12 - 1 clients connected (0 slaves), 417040 bytes in use
[600] 03 May 21:31:17 - 1 clients connected (0 slaves), 417040 bytes in use
[600] 03 May 21:31:22 - 1 clients connected (0 slaves), 417040 bytes in use
[600] 03 May 21:31:27 - 1 clients connected (0 slaves), 417040 bytes in use
[600] 03 May 21:31:32 - 1 clients connected (0 slaves), 417040 bytes in use
[600] 03 May 21:31:37 - 1 clients connected (0 slaves), 417040 bytes in use
[600] 03 May 21:31:42 - 1 clients connected (0 slaves), 417040 bytes in use
[600] 03 May 21:31:47 - 1 clients connected (0 slaves), 417040 bytes in use
[600] 03 May 21:31:52 - 1 clients connected (0 slaves), 417040 bytes in use
[600] 03 May 21:31:57 - 1 clients connected (0 slaves), 417040 bytes in use
[600] 03 May 21:32:02 - 1 clients connected (0 slaves), 417040 bytes in use
[600] 03 May 21:32:07 - 1 clients connected (0 slaves), 417040 bytes in use
[600] 03 May 21:32:12 - 1 clients connected (0 slaves), 417040 bytes in use
[600] 03 May 21:32:17 - 1 clients connected (0 slaves), 417040 bytes in use
[600] 03 May 21:32:22 - 1 clients connected (0 slaves), 417040 bytes in use
[600] 03 May 21:32:27 - 1 clients connected (0 slaves), 417040 bytes in use
[600] 03 May 21:32:32 - 1 clients connected (0 slaves), 417040 bytes in use
[600] 03 May 21:32:37 - 1 clients connected (0 slaves), 417040 bytes in use
[600] 03 May 21:32:42 - 1 clients connected (0 slaves), 417040 bytes in use
[600] 03 May 21:32:47 - 1 clients connected (0 slaves), 417040 bytes in use
[600] 03 May 21:32:52 - 1 clients connected (0 slaves), 417040 bytes in use
[600] 03 May 21:32:57 - 1 clients connected (0 slaves), 417040 bytes in use
[600] 03 May 21:33:02 - 1 clients connected (0 slaves), 417040 bytes in use
[600] 03 May 21:33:03 - Client closed connection
[600] 03 May 21:33:05 - Accepted 127.0.0.1:49378
[600] 03 May 21:33:07 - 1 clients connected (0 slaves), 417040 bytes in use
[600] 03 May 21:33:12 - 1 clients connected (0 slaves), 417040 bytes in use
[600] 03 May 21:33:17 - 1 clients connected (0 slaves), 417040 bytes in use
[600] 03 May 21:33:23 - 1 clients connected (0 slaves), 417040 bytes in use
[600] 03 May 21:33:28 - DB 0: 1 keys (0 volatile) in 4 slots HT.
[600] 03 May 21:33:28 - 1 clients connected (0 slaves), 417376 bytes in use
[600] 03 May 21:33:33 - DB 0: 1 keys (0 volatile) in 4 slots HT.
[600] 03 May 21:33:33 - 1 clients connected (0 slaves), 417376 bytes in use
[600] 03 May 21:33:38 - DB 0: 1 keys (0 volatile) in 4 slots HT.
[600] 03 May 21:33:38 - 1 clients connected (0 slaves), 417376 bytes in use
